2025-06-09 15:30:01 [信息] 流量采集脚本开始执行
2025-06-09 15:30:01 [信息] 已启用SNMP操作超时保护（pcntl）
2025-06-09 15:30:01 [信息] 当前设置: 采集间隔=5分钟, 数据保留=7天 (来自IP地址管理设置)
2025-06-09 15:30:01 [信息] settings表结构不匹配，无法查询
2025-06-09 15:30:01 [信息] 从状态表获取到上次执行时间: 2025-06-09 15:20:57
2025-06-09 15:30:01 [信息] 距离上次执行已过 9.07 分钟，超过配置的 5 分钟间隔，将执行采集
2025-06-09 15:30:01 [信息] 找到 3 个启用SNMP的设备
2025-06-09 15:30:01 [信息] 开始处理设备: 10.254.0.6 (10.254.0.6)
2025-06-09 15:30:01 [信息] 处理switch交换机接口 - 10.254.0.6 (10.254.0.6)
2025-06-09 15:30:01 [警告] 开始SNMP操作，如果长时间无响应可能是SNMP库卡住
2025-06-09 15:30:02 [信息] 成功获取 35 个接口数据
2025-06-09 15:30:02 [信息] 开始处理接口数据: 35 个接口
2025-06-09 15:30:02 [信息] 设备 10.254.0.6 当前有 0 个活动接口
2025-06-09 15:30:02 [警告] 警告: 接口索引无效: 0
2025-06-09 15:30:06 [信息] 查询执行成功但没有返回数据记录
2025-06-09 15:30:11 [警告] 跳过无效接口索引: Virtual-Template0, 索引: 0
2025-06-09 15:30:11 [调试] 接口 InLoopBack0 无流量数据，仍将保存记录
2025-06-09 15:30:11 [调试] 接口 GigabitEthernet0/0/0 流量统计: 入=4179, 出=0
2025-06-09 15:30:11 [调试] 接口 GigabitEthernet4/0/0 流量统计: 入=5278023190466003, 出=5330758677459495
2025-06-09 15:30:11 [调试] 接口 GigabitEthernet4/0/1 流量统计: 入=2421899069715112, 出=427909593624441
2025-06-09 15:30:11 [调试] 接口 GigabitEthernet4/1/0 流量统计: 入=3475756256862760, 出=6463548293496666
2025-06-09 15:30:11 [调试] 接口 GigabitEthernet4/1/1 流量统计: 入=74808823769663, 出=48708742540230
2025-06-09 15:30:11 [调试] 接口 GigabitEthernet3/0/0 流量统计: 入=4584065297027307, 出=5240209610038885
2025-06-09 15:30:11 [调试] 接口 GigabitEthernet3/0/1 流量统计: 入=3475229212275389, 出=6462537400999728
2025-06-09 15:30:11 [调试] 接口 GigabitEthernet3/1/0 流量统计: 入=2681795329223884, 出=416035160759632
2025-06-09 15:30:11 [调试] 接口 GigabitEthernet3/1/1 流量统计: 入=74962400479096, 出=48197671279474
2025-06-09 15:30:11 [调试] 接口 GigabitEthernet2/0/0 流量统计: 入=4565447407682257, 出=5435225686339721
2025-06-09 15:30:11 [调试] 接口 GigabitEthernet2/0/1 流量统计: 入=2675568794433153, 出=416993284007824
2025-06-09 15:30:11 [调试] 接口 GigabitEthernet2/1/0 流量统计: 入=5227487702997092, 出=5274581026861048
2025-06-09 15:30:11 [调试] 接口 GigabitEthernet2/1/1 流量统计: 入=4672693074397910, 出=1945985466915505
2025-06-09 15:30:11 [调试] 接口 Eth-Trunk1 流量统计: 入=19655023598172659, 出=21280775000699149
2025-06-09 15:30:11 [调试] 接口 Eth-Trunk1.4004 无流量数据，仍将保存记录
2025-06-09 15:30:11 [调试] 接口 Eth-Trunk1.600 无流量数据，仍将保存记录
2025-06-09 15:30:11 [调试] 接口 Eth-Trunk1.21 流量统计: 入=6953161456831166, 出=4171044904929952
2025-06-09 15:30:11 [调试] 接口 Eth-Trunk1.22 流量统计: 入=1078210548439041, 出=2871122043655264
2025-06-09 15:30:11 [调试] 接口 Eth-Trunk1.31 流量统计: 入=2976221841948469, 出=2359984823199243
2025-06-09 15:30:11 [调试] 接口 Eth-Trunk1.32 流量统计: 入=4255599369685916, 出=4875296907173654
2025-06-09 15:30:11 [调试] 接口 Eth-Trunk1.41 流量统计: 入=112086546768962, 出=411074743556401
2025-06-09 15:30:11 [调试] 接口 Eth-Trunk1.11 流量统计: 入=1756073665876811, 出=4178747198411341
2025-06-09 15:30:11 [调试] 接口 Eth-Trunk1.12 流量统计: 入=423213594107694, 出=1371692504515475
2025-06-09 15:30:11 [调试] 接口 Eth-Trunk0 流量统计: 入=149771224248759, 出=96906413819704
2025-06-09 15:30:11 [调试] 接口 Eth-Trunk1.51 无流量数据，仍将保存记录
2025-06-09 15:30:11 [调试] 接口 Eth-Trunk1.52 无流量数据，仍将保存记录
2025-06-09 15:30:11 [调试] 接口 Eth-Trunk1.53 无流量数据，仍将保存记录
2025-06-09 15:30:11 [调试] 接口 Eth-Trunk0.4002 无流量数据，仍将保存记录
2025-06-09 15:30:11 [调试] 接口 Eth-Trunk0.4003 无流量数据，仍将保存记录
2025-06-09 15:30:11 [调试] 接口 Eth-Trunk1.4000 无流量数据，仍将保存记录
2025-06-09 15:30:11 [调试] 接口 Eth-Trunk1.4001 无流量数据，仍将保存记录
2025-06-09 15:30:11 [调试] 接口 Eth-Trunk12 流量统计: 入=5357364218510899, 出=833028476473184
2025-06-09 15:30:11 [调试] 接口 Eth-Trunk11 流量统计: 入=6950985469138149, 出=12926085694496394
2025-06-09 15:30:11 [信息] 成功将 34 条流量数据保存到数据库
2025-06-09 15:30:11 [警告] 为设备1运行特殊清理逻辑，处理异常数据
2025-06-09 15:30:35 [信息] 已清理设备1的异常数据: 清理前0个接口，清理后0个接口
2025-06-09 15:30:35 [信息] 设备 10.254.0.6 处理完成: 保存 34 条记录，跳过 1 条记录
2025-06-09 15:30:35 [信息] 开始处理设备: 硕园3#-5F-S2952G-1_172.17.2.51 (172.17.2.51)
2025-06-09 15:30:35 [信息] 处理switch交换机接口 - 硕园3#-5F-S2952G-1_172.17.2.51 (172.17.2.51)
2025-06-09 15:30:35 [警告] 开始SNMP操作，如果长时间无响应可能是SNMP库卡住
2025-06-09 15:30:36 [信息] 成功获取 52 个接口数据
2025-06-09 15:30:36 [信息] 开始处理接口数据: 52 个接口
2025-06-09 15:30:36 [信息] 设备 硕园3#-5F-S2952G-1_172.17.2.51 当前有 0 个活动接口
2025-06-09 15:30:36 [警告] 警告: 接口索引无效: 0
2025-06-09 15:30:40 [信息] 查询执行成功但没有返回数据记录
2025-06-09 15:30:44 [警告] 跳过无效接口索引: GigabitEthernet 0/1, 索引: 0
2025-06-09 15:30:44 [调试] 接口 GigabitEthernet 0/2 无流量数据，仍将保存记录
2025-06-09 15:30:44 [调试] 接口 GigabitEthernet 0/3 无流量数据，仍将保存记录
2025-06-09 15:30:44 [调试] 接口 GigabitEthernet 0/4 无流量数据，仍将保存记录
2025-06-09 15:30:44 [调试] 接口 GigabitEthernet 0/5 无流量数据，仍将保存记录
2025-06-09 15:30:44 [调试] 接口 GigabitEthernet 0/6 无流量数据，仍将保存记录
2025-06-09 15:30:44 [调试] 接口 GigabitEthernet 0/7 无流量数据，仍将保存记录
2025-06-09 15:30:44 [调试] 接口 GigabitEthernet 0/8 无流量数据，仍将保存记录
2025-06-09 15:30:44 [调试] 接口 GigabitEthernet 0/9 无流量数据，仍将保存记录
2025-06-09 15:30:44 [调试] 接口 GigabitEthernet 0/10 无流量数据，仍将保存记录
2025-06-09 15:30:44 [调试] 接口 GigabitEthernet 0/11 无流量数据，仍将保存记录
2025-06-09 15:30:44 [调试] 接口 GigabitEthernet 0/12 无流量数据，仍将保存记录
2025-06-09 15:30:44 [调试] 接口 GigabitEthernet 0/13 无流量数据，仍将保存记录
2025-06-09 15:30:44 [调试] 接口 GigabitEthernet 0/14 无流量数据，仍将保存记录
2025-06-09 15:30:44 [调试] 接口 GigabitEthernet 0/15 无流量数据，仍将保存记录
2025-06-09 15:30:44 [调试] 接口 GigabitEthernet 0/16 无流量数据，仍将保存记录
2025-06-09 15:30:44 [调试] 接口 GigabitEthernet 0/17 无流量数据，仍将保存记录
2025-06-09 15:30:44 [调试] 接口 GigabitEthernet 0/18 无流量数据，仍将保存记录
2025-06-09 15:30:44 [调试] 接口 GigabitEthernet 0/19 无流量数据，仍将保存记录
2025-06-09 15:30:44 [调试] 接口 GigabitEthernet 0/20 无流量数据，仍将保存记录
2025-06-09 15:30:44 [调试] 接口 GigabitEthernet 0/21 无流量数据，仍将保存记录
2025-06-09 15:30:44 [调试] 接口 GigabitEthernet 0/22 无流量数据，仍将保存记录
2025-06-09 15:30:44 [调试] 接口 GigabitEthernet 0/23 无流量数据，仍将保存记录
2025-06-09 15:30:44 [调试] 接口 GigabitEthernet 0/24 无流量数据，仍将保存记录
2025-06-09 15:30:44 [调试] 接口 GigabitEthernet 0/25 流量统计: 入=14313240178, 出=163897799784
2025-06-09 15:30:44 [调试] 接口 GigabitEthernet 0/26 无流量数据，仍将保存记录
2025-06-09 15:30:44 [调试] 接口 GigabitEthernet 0/27 无流量数据，仍将保存记录
2025-06-09 15:30:44 [调试] 接口 GigabitEthernet 0/28 无流量数据，仍将保存记录
2025-06-09 15:30:44 [调试] 接口 GigabitEthernet 0/29 无流量数据，仍将保存记录
2025-06-09 15:30:44 [调试] 接口 GigabitEthernet 0/30 无流量数据，仍将保存记录
2025-06-09 15:30:44 [调试] 接口 GigabitEthernet 0/31 无流量数据，仍将保存记录
2025-06-09 15:30:44 [调试] 接口 GigabitEthernet 0/32 无流量数据，仍将保存记录
2025-06-09 15:30:44 [调试] 接口 GigabitEthernet 0/33 无流量数据，仍将保存记录
2025-06-09 15:30:44 [调试] 接口 GigabitEthernet 0/34 无流量数据，仍将保存记录
2025-06-09 15:30:44 [调试] 接口 GigabitEthernet 0/35 无流量数据，仍将保存记录
2025-06-09 15:30:44 [调试] 接口 GigabitEthernet 0/36 无流量数据，仍将保存记录
2025-06-09 15:30:44 [调试] 接口 GigabitEthernet 0/37 无流量数据，仍将保存记录
2025-06-09 15:30:44 [调试] 接口 GigabitEthernet 0/38 无流量数据，仍将保存记录
2025-06-09 15:30:44 [调试] 接口 GigabitEthernet 0/39 无流量数据，仍将保存记录
2025-06-09 15:30:44 [调试] 接口 GigabitEthernet 0/40 无流量数据，仍将保存记录
2025-06-09 15:30:44 [调试] 接口 GigabitEthernet 0/41 无流量数据，仍将保存记录
2025-06-09 15:30:44 [调试] 接口 GigabitEthernet 0/42 无流量数据，仍将保存记录
2025-06-09 15:30:44 [调试] 接口 GigabitEthernet 0/43 无流量数据，仍将保存记录
2025-06-09 15:30:44 [调试] 接口 GigabitEthernet 0/44 无流量数据，仍将保存记录
2025-06-09 15:30:44 [调试] 接口 GigabitEthernet 0/45 无流量数据，仍将保存记录
2025-06-09 15:30:44 [调试] 接口 GigabitEthernet 0/46 无流量数据，仍将保存记录
2025-06-09 15:30:44 [调试] 接口 GigabitEthernet 0/47 无流量数据，仍将保存记录
2025-06-09 15:30:44 [调试] 接口 GigabitEthernet 0/48 流量统计: 入=191218825413, 出=16687220663
2025-06-09 15:30:44 [调试] 接口 GigabitEthernet 0/49 无流量数据，仍将保存记录
2025-06-09 15:30:44 [调试] 接口 GigabitEthernet 0/50 无流量数据，仍将保存记录
2025-06-09 15:30:44 [调试] 接口 GigabitEthernet 0/51 无流量数据，仍将保存记录
2025-06-09 15:30:44 [调试] 接口 GigabitEthernet 0/52 无流量数据，仍将保存记录
2025-06-09 15:30:44 [信息] 成功将 51 条流量数据保存到数据库
2025-06-09 15:30:44 [信息] 设备 硕园3#-5F-S2952G-1_172.17.2.51 处理完成: 保存 51 条记录，跳过 1 条记录
2025-06-09 15:30:44 [信息] 开始处理设备: BRAS-Backup_10.254.0.5 (10.254.0.5)
2025-06-09 15:30:45 [信息] 处理switch交换机接口 - BRAS-Backup_10.254.0.5 (10.254.0.5)
2025-06-09 15:30:45 [警告] 开始SNMP操作，如果长时间无响应可能是SNMP库卡住
2025-06-09 15:30:46 [信息] 成功获取 51 个接口数据
2025-06-09 15:30:46 [信息] 开始处理接口数据: 51 个接口
2025-06-09 15:30:46 [信息] 设备 BRAS-Backup_10.254.0.5 当前有 0 个活动接口
2025-06-09 15:30:46 [警告] 警告: 接口索引无效: 0
2025-06-09 15:30:50 [信息] 查询执行成功但没有返回数据记录
2025-06-09 15:30:55 [警告] 跳过无效接口索引: Virtual-Template0, 索引: 0
2025-06-09 15:30:55 [调试] 接口 InLoopBack0 无流量数据，仍将保存记录
2025-06-09 15:30:55 [调试] 接口 GigabitEthernet0/0/0 无流量数据，仍将保存记录
2025-06-09 15:30:55 [调试] 接口 GigabitEthernet3/0/0 流量统计: 入=3189663395710755, 出=13299223613410729
2025-06-09 15:30:55 [调试] 接口 GigabitEthernet3/0/1 流量统计: 入=16767764668789997, 出=7380280478831008
2025-06-09 15:30:55 [调试] 接口 GigabitEthernet2/1/0 流量统计: 入=3846101648893657, 出=13313844723919797
2025-06-09 15:30:55 [调试] 接口 GigabitEthernet2/1/1 流量统计: 入=6448676420572226, 出=2602762322774258
2025-06-09 15:30:55 [调试] 接口 GigabitEthernet2/0/0 流量统计: 入=3064718237877459, 出=13290526974178591
2025-06-09 15:30:55 [调试] 接口 GigabitEthernet2/0/1 流量统计: 入=17945401935034614, 出=1761109703340008
2025-06-09 15:30:55 [调试] 接口 GigabitEthernet4/1/0 流量统计: 入=16762954517855142, 出=7379035918384942
2025-06-09 15:30:55 [调试] 接口 GigabitEthernet4/1/1 流量统计: 入=48707748619317, 出=74808823958977
2025-06-09 15:30:55 [调试] 接口 GigabitEthernet3/1/0 流量统计: 入=17948078736885355, 出=1601461480391546
2025-06-09 15:30:55 [调试] 接口 GigabitEthernet3/1/1 流量统计: 入=48196684540594, 出=74962369000327
2025-06-09 15:30:55 [调试] 接口 GigabitEthernet4/0/0 流量统计: 入=3719589790594970, 出=13314417863365669
2025-06-09 15:30:55 [调试] 接口 GigabitEthernet4/0/1 流量统计: 入=18266625328832368, 出=1874431983543669
2025-06-09 15:30:55 [调试] 接口 Eth-Trunk1 流量统计: 入=27622517965722617, 出=106485203391699519
2025-06-09 15:30:55 [调试] 接口 Eth-Trunk0 流量统计: 入=96904433159911, 出=149771192959304
2025-06-09 15:30:55 [调试] 接口 Eth-Trunk1.4000 无流量数据，仍将保存记录
2025-06-09 15:30:55 [调试] 接口 Eth-Trunk1.4001 无流量数据，仍将保存记录
2025-06-09 15:30:55 [调试] 接口 Eth-Trunk1.4004 无流量数据，仍将保存记录
2025-06-09 15:30:55 [调试] 接口 Eth-Trunk1.600 无流量数据，仍将保存记录
2025-06-09 15:30:55 [调试] 接口 Eth-Trunk0.4002 无流量数据，仍将保存记录
2025-06-09 15:30:55 [调试] 接口 Eth-Trunk0.4003 无流量数据，仍将保存记录
2025-06-09 15:30:55 [调试] 接口 Eth-Trunk1.51 流量统计: 入=24817077109940045, 出=101286436809909355
2025-06-09 15:30:55 [调试] 接口 Eth-Trunk1.52 流量统计: 入=65442836334270, 出=360448369880170
2025-06-09 15:30:55 [调试] 接口 Eth-Trunk1.53 流量统计: 入=55707889417458, 出=377550479155787
2025-06-09 15:30:55 [调试] 接口 Eth-Trunk1.11 无流量数据，仍将保存记录
2025-06-09 15:30:55 [调试] 接口 Eth-Trunk1.12 无流量数据，仍将保存记录
2025-06-09 15:30:55 [调试] 接口 Eth-Trunk1.21 无流量数据，仍将保存记录
2025-06-09 15:30:55 [调试] 接口 Eth-Trunk1.22 无流量数据，仍将保存记录
2025-06-09 15:30:55 [信息] 跳过异常接口: Eth-Trunk1.31, 索引: 33
2025-06-09 15:30:55 [调试] 接口 Eth-Trunk1.32 无流量数据，仍将保存记录
2025-06-09 15:30:55 [调试] 接口 Eth-Trunk1.41 无流量数据，仍将保存记录
2025-06-09 15:30:55 [调试] 接口 Eth-Trunk1.54 无流量数据，仍将保存记录
2025-06-09 15:30:55 [调试] 接口 Eth-Trunk12 流量统计: 入=43357315146937918, 出=4075776694976265
2025-06-09 15:30:55 [调试] 接口 Eth-Trunk11 流量统计: 入=40463154156027056, 出=17643602989206360
2025-06-09 15:30:55 [调试] 接口 GigabitEthernet8/0/0 流量统计: 入=3184747474703789, 出=13278086661844380
2025-06-09 15:30:55 [调试] 接口 GigabitEthernet8/0/1 流量统计: 入=3048240638544506, 出=13324001786468861
2025-06-09 15:30:55 [调试] 接口 GigabitEthernet8/0/2 流量统计: 入=4842871062996068, 出=1991986181981162
2025-06-09 15:30:55 [调试] 接口 GigabitEthernet8/0/3 流量统计: 入=2089563906385849, 出=892300410009248
2025-06-09 15:30:55 [调试] 接口 GigabitEthernet8/0/4 无流量数据，仍将保存记录
2025-06-09 15:30:55 [调试] 接口 GigabitEthernet8/0/5 无流量数据，仍将保存记录
2025-06-09 15:30:55 [调试] 接口 GigabitEthernet8/1/0 流量统计: 入=3713572292514010, 出=13339802946275559
2025-06-09 15:30:55 [调试] 接口 GigabitEthernet8/1/1 流量统计: 入=3855884486883471, 出=13325299786472774
2025-06-09 15:30:55 [信息] 跳过异常接口: GigabitEthernet8/1/2, 索引: 47
2025-06-09 15:30:55 [调试] 接口 GigabitEthernet8/1/3 流量统计: 入=2231173212769576, 出=206330045207085
2025-06-09 15:30:55 [调试] 接口 GigabitEthernet8/1/4 无流量数据，仍将保存记录
2025-06-09 15:30:55 [调试] 接口 GigabitEthernet8/1/5 无流量数据，仍将保存记录
2025-06-09 15:30:55 [调试] 接口 Eth-Trunk1.4093 流量统计: 入=363083794, 出=16148910739
2025-06-09 15:30:55 [调试] 接口 Eth-Trunk1.886 流量统计: 入=59588675941, 出=2204892090
2025-06-09 15:30:55 [调试] 接口 Eth-Trunk1.2852 流量统计: 入=1750886770, 出=4300344052
2025-06-09 15:30:55 [信息] 成功将 48 条流量数据保存到数据库
2025-06-09 15:30:55 [信息] 设备 BRAS-Backup_10.254.0.5 处理完成: 保存 48 条记录，跳过 3 条记录
2025-06-09 15:30:55 [警告] settings表结构不匹配，无法更新
2025-06-09 15:30:55 [信息] 已更新最后执行时间: 2025-06-09 15:30:55
2025-06-09 15:30:55 [信息] 流量采集脚本执行完成: 3 个设备, 3 个成功, 138 个接口, 133 条记录已保存, 5 条记录已跳过
2025-06-09 15:30:55 [信息] 脚本执行时间: 53.63 秒
