[2025-04-23 14:43:54] 自动扫描脚本开始执行...
[2025-04-23 14:43:54] 执行ping检查...
[2025-04-23 14:43:55] ping检查执行成功
[2025-04-23 14:43:55] pingCheck: pingCheck: Scan start, 8 IPs
[2025-04-23 14:43:55] pingCheck: pingCheck: Scan complete, 5 updates
[2025-04-23 14:43:55] 执行发现检查...
[2025-04-23 14:43:58] 发现检查执行成功
[2025-04-23 14:43:58] discoveryCheck: discoveryCheck: Scan start, 248 IPs
[2025-04-23 14:43:58] discoveryCheck: discoveryCheck: Scan complete, 0 new hosts
[2025-04-23 14:43:58] 清理旧日志文件...
[2025-04-23 14:43:58] 自动扫描脚本执行完成
[2025-04-23 14:49:45] 自动扫描脚本开始执行...
[2025-04-23 14:49:45] 执行ping检查...
[2025-04-23 14:49:45] ping检查执行失败，错误代码: 255
[2025-04-23 14:49:45] pingCheck error: PHP Fatal error:  Uncaught ValueError: PDO::prepare(): Argument #1 ($query) cannot be empty in /var/www/html/functions/classes/class.PDO.php:825
[2025-04-23 14:49:45] pingCheck error: Stack trace:
[2025-04-23 14:49:45] pingCheck error: #0 /var/www/html/functions/classes/class.PDO.php(825): PDO->prepare()
[2025-04-23 14:49:45] pingCheck error: #1 /var/www/html/functions/classes/class.Subnets.php(799): DB->getObjectsQuery()
[2025-04-23 14:49:45] pingCheck error: #2 /var/www/html/functions/scripts/pingCheck.php(98): Subnets->fetch_all_subnets_for_pingCheck()
[2025-04-23 14:49:45] pingCheck error: #3 {main}
[2025-04-23 14:49:45] pingCheck error:   thrown in /var/www/html/functions/classes/class.PDO.php on line 825
[2025-04-23 14:49:45] 执行发现检查...
[2025-04-23 14:49:47] 发现检查执行成功
[2025-04-23 14:49:47] discoveryCheck: discoveryCheck: Scan start, 248 IPs
[2025-04-23 14:49:47] discoveryCheck: discoveryCheck: Scan complete, 0 new hosts
[2025-04-23 14:49:47] 清理旧日志文件...
[2025-04-23 14:49:47] 自动扫描脚本执行完成
[2025-04-23 14:57:58] 自动扫描脚本开始执行...
[2025-04-23 14:57:58] 执行ping检查...
[2025-04-23 14:57:58] ping检查执行失败，错误代码: 255
[2025-04-23 14:57:58] pingCheck error: PHP Fatal error:  Uncaught ValueError: PDO::prepare(): Argument #1 ($query) cannot be empty in /var/www/html/functions/classes/class.PDO.php:825
[2025-04-23 14:57:58] pingCheck error: Stack trace:
[2025-04-23 14:57:58] pingCheck error: #0 /var/www/html/functions/classes/class.PDO.php(825): PDO->prepare()
[2025-04-23 14:57:58] pingCheck error: #1 /var/www/html/functions/classes/class.Subnets.php(797): DB->getObjectsQuery()
[2025-04-23 14:57:58] pingCheck error: #2 /var/www/html/functions/scripts/pingCheck.php(98): Subnets->fetch_all_subnets_for_pingCheck()
[2025-04-23 14:57:58] pingCheck error: #3 {main}
[2025-04-23 14:57:58] pingCheck error:   thrown in /var/www/html/functions/classes/class.PDO.php on line 825
[2025-04-23 14:57:58] 执行发现检查...
[2025-04-23 14:58:01] 发现检查执行成功
[2025-04-23 14:58:01] discoveryCheck: discoveryCheck: Scan start, 248 IPs
[2025-04-23 14:58:01] discoveryCheck: discoveryCheck: Scan complete, 0 new hosts
[2025-04-23 14:58:01] 清理旧日志文件...
[2025-04-23 14:58:01] 自动扫描脚本执行完成
[2025-04-23 15:00:37] 自动扫描脚本开始执行...
[2025-04-23 15:00:37] 执行ping检查...
[2025-04-23 15:00:39] ping检查执行成功
[2025-04-23 15:00:39] pingCheck: pingCheck: Scan start, 18 IPs
[2025-04-23 15:00:39] pingCheck: pingCheck: Scan complete, 0 updates
[2025-04-23 15:00:39] 执行发现检查...
[2025-04-23 15:00:41] 发现检查执行成功
[2025-04-23 15:00:41] discoveryCheck: discoveryCheck: Scan start, 248 IPs
[2025-04-23 15:00:41] discoveryCheck: discoveryCheck: Scan complete, 0 new hosts
[2025-04-23 15:00:41] 清理旧日志文件...
[2025-04-23 15:00:41] 自动扫描脚本执行完成
[2025-04-24 12:00:01] 自动扫描脚本开始执行...
[2025-04-24 12:00:01] 执行ping检查...
[2025-04-24 12:00:02] ping检查执行成功
[2025-04-24 12:00:02] pingCheck: pingCheck: Scan start, 18 IPs
[2025-04-24 12:00:02] pingCheck: pingCheck: Scan complete, 10 updates
[2025-04-24 12:00:02] 执行发现检查...
[2025-04-24 12:00:08] 发现检查执行成功
[2025-04-24 12:00:08] discoveryCheck: discoveryCheck: Scan start, 495 IPs
[2025-04-24 12:00:08] discoveryCheck: discoveryCheck: Scan complete, 1 new hosts
[2025-04-24 12:00:08] 清理旧日志文件...
[2025-04-24 12:00:08] 自动扫描脚本执行完成
[2025-06-19 12:00:01] 自动扫描脚本开始执行...
[2025-06-19 12:00:01] 执行ping检查...
[2025-06-19 12:00:03] ping检查执行成功
[2025-06-19 12:00:03] pingCheck: pingCheck: Scan start, 119 IPs
[2025-06-19 12:00:03] pingCheck: pingCheck: Scan complete, 76 updates
[2025-06-19 12:00:03] 执行发现检查...
[2025-06-19 12:00:11] 发现检查执行成功
[2025-06-19 12:00:11] discoveryCheck: discoveryCheck: Scan start, 650 IPs
[2025-06-19 12:00:11] discoveryCheck: discoveryCheck: Scan complete, 0 new hosts
[2025-06-19 12:00:11] 清理旧日志文件...
[2025-06-19 12:00:11] 自动扫描脚本执行完成
